<?xml version="1.0" encoding="UTF-8"?>
<!-- Generated by org.testng.reporters.JUnitReportReporter -->
<testsuite skipped="0" hostname="Naresh-PC" name="com.employesApi.testCases.TC005_Delete_Employee_Record" tests="6" failures="0" timestamp="2019-11-08T11:09:14 IST" time="0.013" errors="0">
  <testcase name="checkResposeBody" time="0.002" classname="com.employesApi.testCases.TC005_Delete_Employee_Record"/>
  <testcase name="checkContentType" time="0.002" classname="com.employesApi.testCases.TC005_Delete_Employee_Record"/>
  <testcase name="checkcontentEncoding" time="0.004" classname="com.employesApi.testCases.TC005_Delete_Employee_Record"/>
  <testcase name="checkStatusCode" time="0.001" classname="com.employesApi.testCases.TC005_Delete_Employee_Record"/>
  <testcase name="checkstatusLine" time="0.003" classname="com.employesApi.testCases.TC005_Delete_Employee_Record"/>
  <testcase name="checkserverType" time="0.001" classname="com.employesApi.testCases.TC005_Delete_Employee_Record"/>
</testsuite> <!-- com.employesApi.testCases.TC005_Delete_Employee_Record -->
