<?xml version="1.0" encoding="UTF-8"?>
<!-- Generated by org.testng.reporters.JUnitReportReporter -->
<testsuite skipped="0" hostname="Naresh-PC" name="com.employesApi.testCases.TC001_Get_AllEmployees" tests="9" failures="0" timestamp="2019-11-08T11:09:14 IST" time="0.348" errors="0">
  <testcase name="checkcontentEncoding" time="0.004" classname="com.employesApi.testCases.TC001_Get_AllEmployees"/>
  <testcase name="checkserverType" time="0.093" classname="com.employesApi.testCases.TC001_Get_AllEmployees"/>
  <testcase name="checkStatusCode" time="0.005" classname="com.employesApi.testCases.TC001_Get_AllEmployees"/>
  <testcase name="checkResponseBody" time="0.202" classname="com.employesApi.testCases.TC001_Get_AllEmployees"/>
  <testcase name="checkStatusLine" time="0.004" classname="com.employesApi.testCases.TC001_Get_AllEmployees"/>
  <testcase name="checkContentLenght" time="0.025" classname="com.employesApi.testCases.TC001_Get_AllEmployees"/>
  <testcase name="checkCookies" time="0.009" classname="com.employesApi.testCases.TC001_Get_AllEmployees"/>
  <testcase name="checkResponseTime" time="0.004" classname="com.employesApi.testCases.TC001_Get_AllEmployees"/>
  <testcase name="contentType" time="0.002" classname="com.employesApi.testCases.TC001_Get_AllEmployees"/>
</testsuite> <!-- com.employesApi.testCases.TC001_Get_AllEmployees -->
